0 info it worked if it ends with ok
1 verbose cli [ 'E:\\Program Files\\nodejs\\node.exe',
1 verbose cli   'E:\\Program Files\\nodejs\\node_modules\\npm\\bin\\npm-cli.js',
1 verbose cli   'run',
1 verbose cli   'start' ]
2 info using npm@3.10.10
3 info using node@v6.11.4
4 verbose run-script [ 'prestart', 'start', 'poststart' ]
5 info lifecycle Meteor@0.1.0~prestart: Meteor@0.1.0
6 verbose lifecycle Meteor@0.1.0~prestart: unsafe-perm in lifecycle true
7 verbose lifecycle Meteor@0.1.0~prestart: PATH: E:\Program Files\nodejs\node_modules\npm\bin\node-gyp-bin;E:\ilgiz\nodeProjects\csgohovac\node_modules\.bin;C:\ProgramData\Oracle\Java\javapath;C:\Windows\system32;C:\Windows;C:\Windows\System32\Wbem;C:\Windows\System32\WindowsPowerShell\v1.0\;C:\Program Files\Java\jdk1.8.0_101\bin\;C:\Program Files (x86)\Common Files\Acronis\SnapAPI\;E:\MinGW\bin;E:\Program Files (x86)\mingw-w64\i686-6.2.0-posix-dwarf-rt_v5-rev1\mingw32\bin;C:\Python27;C:\Program Files (x86)\GtkSharp\2.12\bin;E:\Program Files\Git\cmd;C:\Program Files (x86)\Skype\Phone\;E:\Program Files\nodejs\;E:\ilgiz\AppData\Local\Android\sdk1\platform-tools;C:\Program Files (x86)\Windows Kits\8.1\Windows Performance Toolkit\;E:\Users\Ilgiz\Anaconda3;E:\Users\Ilgiz\Anaconda3\Scripts;E:\Users\Ilgiz\Anaconda3\Library\bin;C:\Users\Ilgiz\AppData\Local\Microsoft\WindowsApps;C:\Users\Ilgiz\AppData\Roaming\npm;C:\Users\Ilgiz\AppData\Local\atom\bin
8 verbose lifecycle Meteor@0.1.0~prestart: CWD: E:\ilgiz\nodeProjects\csgohovac
9 silly lifecycle Meteor@0.1.0~prestart: Args: [ '/d /s /c', 'npm-run-all --parallel start-message' ]
10 silly lifecycle Meteor@0.1.0~prestart: Returned: code: 0  signal: null
11 info lifecycle Meteor@0.1.0~start: Meteor@0.1.0
12 verbose lifecycle Meteor@0.1.0~start: unsafe-perm in lifecycle true
13 verbose lifecycle Meteor@0.1.0~start: PATH: E:\Program Files\nodejs\node_modules\npm\bin\node-gyp-bin;E:\ilgiz\nodeProjects\csgohovac\node_modules\.bin;C:\ProgramData\Oracle\Java\javapath;C:\Windows\system32;C:\Windows;C:\Windows\System32\Wbem;C:\Windows\System32\WindowsPowerShell\v1.0\;C:\Program Files\Java\jdk1.8.0_101\bin\;C:\Program Files (x86)\Common Files\Acronis\SnapAPI\;E:\MinGW\bin;E:\Program Files (x86)\mingw-w64\i686-6.2.0-posix-dwarf-rt_v5-rev1\mingw32\bin;C:\Python27;C:\Program Files (x86)\GtkSharp\2.12\bin;E:\Program Files\Git\cmd;C:\Program Files (x86)\Skype\Phone\;E:\Program Files\nodejs\;E:\ilgiz\AppData\Local\Android\sdk1\platform-tools;C:\Program Files (x86)\Windows Kits\8.1\Windows Performance Toolkit\;E:\Users\Ilgiz\Anaconda3;E:\Users\Ilgiz\Anaconda3\Scripts;E:\Users\Ilgiz\Anaconda3\Library\bin;C:\Users\Ilgiz\AppData\Local\Microsoft\WindowsApps;C:\Users\Ilgiz\AppData\Roaming\npm;C:\Users\Ilgiz\AppData\Local\atom\bin
14 verbose lifecycle Meteor@0.1.0~start: CWD: E:\ilgiz\nodeProjects\csgohovac
15 silly lifecycle Meteor@0.1.0~start: Args: [ '/d /s /c', 'npm-run-all --parallel open:src' ]
16 silly lifecycle Meteor@0.1.0~start: Returned: code: 3221225786  signal: null
17 info lifecycle Meteor@0.1.0~start: Failed to exec start script
18 verbose stack Error: Meteor@0.1.0 start: `npm-run-all --parallel open:src`
18 verbose stack Exit status 3221225786
18 verbose stack     at EventEmitter.<anonymous> (E:\Program Files\nodejs\node_modules\npm\lib\utils\lifecycle.js:255:16)
18 verbose stack     at emitTwo (events.js:106:13)
18 verbose stack     at EventEmitter.emit (events.js:191:7)
18 verbose stack     at ChildProcess.<anonymous> (E:\Program Files\nodejs\node_modules\npm\lib\utils\spawn.js:40:14)
18 verbose stack     at emitTwo (events.js:106:13)
18 verbose stack     at ChildProcess.emit (events.js:191:7)
18 verbose stack     at maybeClose (internal/child_process.js:920:16)
18 verbose stack     at Process.ChildProcess._handle.onexit (internal/child_process.js:230:5)
19 verbose pkgid Meteor@0.1.0
20 verbose cwd E:\ilgiz\nodeProjects\csgohovac
21 error Windows_NT 10.0.14393
22 error argv "E:\\Program Files\\nodejs\\node.exe" "E:\\Program Files\\nodejs\\node_modules\\npm\\bin\\npm-cli.js" "run" "start"
23 error node v6.11.4
24 error npm  v3.10.10
25 error code ELIFECYCLE
26 error Meteor@0.1.0 start: `npm-run-all --parallel open:src`
26 error Exit status 3221225786
27 error Failed at the Meteor@0.1.0 start script 'npm-run-all --parallel open:src'.
27 error Make sure you have the latest version of node.js and npm installed.
27 error If you do, this is most likely a problem with the Meteor package,
27 error not with npm itself.
27 error Tell the author that this fails on your system:
27 error     npm-run-all --parallel open:src
27 error You can get information on how to open an issue for this project with:
27 error     npm bugs Meteor
27 error Or if that isn't available, you can get their info via:
27 error     npm owner ls Meteor
27 error There is likely additional logging output above.
28 verbose exit [ 1, true ]
